<?xml version="1.0" encoding="UTF-8"?>
<testng-results skipped="0" failed="0" total="0" passed="0">
  <reporter-output>
  </reporter-output>
  <suite name="Default suite" duration-ms="10" started-at="2017-07-20T17:55:10Z" finished-at="2017-07-20T17:55:10Z">
    <groups>
    </groups>
    <test name="Default test" duration-ms="10" started-at="2017-07-20T17:55:10Z" finished-at="2017-07-20T17:55:10Z">
      <class name="com.fanniemae.testcases.DummyTestCase">
        <test-method status="PASS" signature="setUp()[pri:0, instance:com.fanniemae.testcases.DummyTestCase@ae45eb6]" test-instance-name="" name="setUp" is-config="true" duration-ms="15533" started-at="2017-07-20T13:54:54Z" finished-at="2017-07-20T13:55:10Z">
          <reporter-output>
          </reporter-output>
        </test-method> <!-- setUp -->
        <test-method status="PASS" signature="tearDown()[pri:0, instance:com.fanniemae.testcases.DummyTestCase@ae45eb6]" test-instance-name="" name="tearDown" is-config="true" duration-ms="871" started-at="2017-07-20T13:55:10Z" finished-at="2017-07-20T13:55:11Z">
          <reporter-output>
          </reporter-output>
        </test-method> <!-- tearDown -->
      </class> <!-- com.fanniemae.testcases.DummyTestCase -->
    </test> <!-- Default test -->
  </suite> <!-- Default suite -->
</testng-results>
